mode: set
ThreeLayerArch/handler/task/handler.go:25.41,27.2 1 1
ThreeLayerArch/handler/task/handler.go:29.67,34.16 3 1
ThreeLayerArch/handler/task/handler.go:34.16,40.3 4 0
ThreeLayerArch/handler/task/handler.go:42.2,47.16 3 1
ThreeLayerArch/handler/task/handler.go:47.16,53.3 4 0
ThreeLayerArch/handler/task/handler.go:55.2,57.16 2 1
ThreeLayerArch/handler/task/handler.go:57.16,61.3 3 0
ThreeLayerArch/handler/task/handler.go:63.2,63.9 1 1
ThreeLayerArch/handler/task/handler.go:63.9,67.3 3 1
ThreeLayerArch/handler/task/handler.go:70.68,72.16 2 1
ThreeLayerArch/handler/task/handler.go:72.16,75.3 2 0
ThreeLayerArch/handler/task/handler.go:76.2,76.24 1 1
ThreeLayerArch/handler/task/handler.go:76.24,78.3 1 1
ThreeLayerArch/handler/task/handler.go:81.67,85.16 3 1
ThreeLayerArch/handler/task/handler.go:85.16,91.3 4 0
ThreeLayerArch/handler/task/handler.go:93.2,96.16 3 1
ThreeLayerArch/handler/task/handler.go:96.16,99.3 2 0
ThreeLayerArch/handler/task/handler.go:101.2,102.87 2 1
ThreeLayerArch/handler/task/handler.go:105.70,109.16 3 1
ThreeLayerArch/handler/task/handler.go:109.16,115.3 4 0
ThreeLayerArch/handler/task/handler.go:117.2,119.16 3 1
ThreeLayerArch/handler/task/handler.go:119.16,122.3 2 0
ThreeLayerArch/handler/task/handler.go:123.2,123.9 1 1
ThreeLayerArch/handler/task/handler.go:123.9,126.3 2 1
ThreeLayerArch/handler/task/handler.go:129.70,133.16 3 1
ThreeLayerArch/handler/task/handler.go:133.16,139.3 4 0
ThreeLayerArch/handler/task/handler.go:141.2,143.16 3 1
ThreeLayerArch/handler/task/handler.go:143.16,146.3 2 0
ThreeLayerArch/handler/task/handler.go:147.2,147.9 1 1
ThreeLayerArch/handler/task/handler.go:147.9,151.3 2 1
